<?xml version="1.0" encoding="UTF-8"?>
<!-- Generated by org.testng.reporters.JUnitXMLReporter -->
<testsuite ignored="0" hostname="DESKTOP-SJ1N1UM" failures="0" tests="2" name="RCB Team Configuration TestCases" time="0.328" errors="0" timestamp="2023-02-20T21:36:33 IST">
  <testcase classname="com.testcases.TeamConfigTest" name="verifyMinimumOneWicketKeeperInTeam" time="0.263"/>
  <testcase classname="com.testcases.TeamConfigTest" name="verifyOnlyFourForeignPlayersInTeam" time="0.006"/>
</testsuite> <!-- RCB Team Configuration TestCases -->
